<?xml version="1.0" encoding="UTF-8"?>
<!-- Generated by org.testng.reporters.JUnitReportReporter -->
<testsuite hostname="USMUMANUMO11" failures="0" tests="4" name="Tests.Day4Test" time="0.009" errors="0" timestamp="2023-10-23T12:09:25 IST" skipped="1">
  <testcase classname="Tests.Day4Test" name="WebLoginHomeLoan" time="0.004"/>
  <testcase classname="Tests.Day4Test" name="APIHomeLoan" time="0.001"/>
  <testcase classname="Tests.Day4Test" name="MobileLoginHomeLoan" time="0.004"/>
  <testcase classname="Tests.Day4Test" name="TestLoginHomeLoan">
    <skipped/>
  </testcase> <!-- TestLoginHomeLoan -->
</testsuite> <!-- Tests.Day4Test -->
