<?xml version="1.0" encoding="UTF-8"?>
<!-- Generated by org.testng.reporters.JUnitReportReporter -->
<testsuite hostname="USMUMANUMO11" failures="0" tests="1" name="Tests2.test1" time="0.008" errors="0" timestamp="2023-10-21T15:19:08 IST" skipped="0">
  <testcase classname="Tests2.test1" name="demo" time="0.008"/>
</testsuite> <!-- Tests2.test1 -->
