<?xml version="1.0" encoding="UTF-8"?>
<!-- Generated by org.testng.reporters.JUnitReportReporter -->
<testsuite hostname="USMUMANUMO11" failures="0" tests="1" name="Tests.Day2Test" time="0.001" errors="0" timestamp="2023-10-23T12:02:23 IST" skipped="0">
  <testcase classname="Tests.Day2Test" name="Dem5" time="0.001"/>
</testsuite> <!-- Tests.Day2Test -->
